2025-05-20T09:30:28.027-05:00  INFO 9108 --- [Sysventas] [main] p.e.upeu.sysventas.SysventasApplication  : Starting SysventasApplication using Java 24.0.1 with PID 9108 (D:\SysVentas\target\classes started by Datos in D:\SysVentas)
2025-05-20T09:30:28.032-05:00  INFO 9108 --- [Sysventas] [main] p.e.upeu.sysventas.SysventasApplication  : No active profile set, falling back to 1 default profile: "default"
2025-05-20T09:30:28.694-05:00  INFO 9108 --- [Sysventas] [main] .s.d.r.c.RepositoryConfigurationDelegate : Bootstrapping Spring Data JPA repositories in DEFAULT mode.
2025-05-20T09:30:28.786-05:00  INFO 9108 --- [Sysventas] [main] .s.d.r.c.RepositoryConfigurationDelegate : Finished Spring Data repository scanning in 82 ms. Found 18 JPA repository interfaces.
2025-05-20T09:30:29.145-05:00  INFO 9108 --- [Sysventas] [main] o.hibernate.jpa.internal.util.LogHelper  : HHH000204: Processing PersistenceUnitInfo [name: default]
2025-05-20T09:30:29.210-05:00  INFO 9108 --- [Sysventas] [main] org.hibernate.Version                    : HHH000412: Hibernate ORM core version 6.6.13.Final
2025-05-20T09:30:29.243-05:00  INFO 9108 --- [Sysventas] [main] o.h.c.internal.RegionFactoryInitiator    : HHH000026: Second-level cache disabled
2025-05-20T09:30:29.538-05:00  INFO 9108 --- [Sysventas] [main] o.s.o.j.p.SpringPersistenceUnitInfo      : No LoadTimeWeaver setup: ignoring JPA class transformer
2025-05-20T09:30:29.565-05:00  INFO 9108 --- [Sysventas] [main] com.zaxxer.hikari.HikariDataSource       : HikariPool-1 - Starting...
2025-05-20T09:30:29.805-05:00  INFO 9108 --- [Sysventas] [main] com.zaxxer.hikari.pool.HikariPool        : HikariPool-1 - Added connection org.sqlite.jdbc4.JDBC4Connection@7ecda95b
2025-05-20T09:30:29.807-05:00  INFO 9108 --- [Sysventas] [main] com.zaxxer.hikari.HikariDataSource       : HikariPool-1 - Start completed.
2025-05-20T09:30:29.857-05:00  INFO 9108 --- [Sysventas] [main] org.hibernate.orm.connections.pooling    : HHH10001005: Database info:
	Database JDBC URL [Connecting through datasource 'HikariDataSource (HikariPool-1)']
	Database driver: undefined/unknown
	Database version: 3.46
	Autocommit mode: undefined/unknown
	Isolation level: undefined/unknown
	Minimum pool size: undefined/unknown
	Maximum pool size: undefined/unknown
2025-05-20T09:30:31.272-05:00  INFO 9108 --- [Sysventas] [main] o.h.e.t.j.p.i.JtaPlatformInitiator       : HHH000489: No JTA platform available (set 'hibernate.transaction.jta.platform' to enable JTA platform integration)
2025-05-20T09:30:31.310-05:00  INFO 9108 --- [Sysventas] [main] j.LocalContainerEntityManagerFactoryBean : Initialized JPA EntityManagerFactory for persistence unit 'default'
2025-05-20T09:30:31.607-05:00  INFO 9108 --- [Sysventas] [main] o.s.d.j.r.query.QueryEnhancerFactory     : Hibernate is in classpath; If applicable, HQL parser will be used.
2025-05-20T09:30:31.942-05:00  INFO 9108 --- [Sysventas] [main] p.e.upeu.sysventas.SysventasApplication  : Started SysventasApplication in 4.788 seconds (process running for 5.898)
2025-05-20T09:30:31.953-05:00  INFO 9108 --- [Sysventas] [SpringApplicationShutdownHook] j.LocalContainerEntityManagerFactoryBean : Closing JPA EntityManagerFactory for persistence unit 'default'
2025-05-20T09:30:31.959-05:00  INFO 9108 --- [Sysventas] [SpringApplicationShutdownHook] com.zaxxer.hikari.HikariDataSource       : HikariPool-1 - Shutdown initiated...
2025-05-20T09:30:31.961-05:00  INFO 9108 --- [Sysventas] [SpringApplicationShutdownHook] com.zaxxer.hikari.HikariDataSource       : HikariPool-1 - Shutdown completed.
2025-05-20T10:05:09.543-05:00  INFO 15688 --- [Sysventas] [JavaFX-Launcher] o.s.boot.SpringApplication               : Starting application using Java 24.0.1 with PID 15688 (started by Datos in D:\SysVentas)
2025-05-20T10:05:09.551-05:00  INFO 15688 --- [Sysventas] [JavaFX-Launcher] o.s.boot.SpringApplication               : No active profile set, falling back to 1 default profile: "default"
2025-05-20T10:05:10.786-05:00  INFO 15688 --- [Sysventas] [JavaFX-Launcher] .s.d.r.c.RepositoryConfigurationDelegate : Bootstrapping Spring Data JPA repositories in DEFAULT mode.
2025-05-20T10:05:10.915-05:00  INFO 15688 --- [Sysventas] [JavaFX-Launcher] .s.d.r.c.RepositoryConfigurationDelegate : Finished Spring Data repository scanning in 110 ms. Found 18 JPA repository interfaces.
2025-05-20T10:05:11.512-05:00  INFO 15688 --- [Sysventas] [JavaFX-Launcher] o.hibernate.jpa.internal.util.LogHelper  : HHH000204: Processing PersistenceUnitInfo [name: default]
2025-05-20T10:05:11.626-05:00  INFO 15688 --- [Sysventas] [JavaFX-Launcher] org.hibernate.Version                    : HHH000412: Hibernate ORM core version 6.6.13.Final
2025-05-20T10:05:11.714-05:00  INFO 15688 --- [Sysventas] [JavaFX-Launcher] o.h.c.internal.RegionFactoryInitiator    : HHH000026: Second-level cache disabled
2025-05-20T10:05:12.326-05:00  INFO 15688 --- [Sysventas] [JavaFX-Launcher] o.s.o.j.p.SpringPersistenceUnitInfo      : No LoadTimeWeaver setup: ignoring JPA class transformer
2025-05-20T10:05:12.382-05:00  INFO 15688 --- [Sysventas] [JavaFX-Launcher] com.zaxxer.hikari.HikariDataSource       : HikariPool-1 - Starting...
2025-05-20T10:05:12.598-05:00  INFO 15688 --- [Sysventas] [JavaFX-Launcher] com.zaxxer.hikari.pool.HikariPool        : HikariPool-1 - Added connection org.sqlite.jdbc4.JDBC4Connection@278f8570
2025-05-20T10:05:12.600-05:00  INFO 15688 --- [Sysventas] [JavaFX-Launcher] com.zaxxer.hikari.HikariDataSource       : HikariPool-1 - Start completed.
2025-05-20T10:05:12.653-05:00  INFO 15688 --- [Sysventas] [JavaFX-Launcher] org.hibernate.orm.connections.pooling    : HHH10001005: Database info:
	Database JDBC URL [Connecting through datasource 'HikariDataSource (HikariPool-1)']
	Database driver: undefined/unknown
	Database version: 3.46
	Autocommit mode: undefined/unknown
	Isolation level: undefined/unknown
	Minimum pool size: undefined/unknown
	Maximum pool size: undefined/unknown
2025-05-20T10:05:14.208-05:00  INFO 15688 --- [Sysventas] [JavaFX-Launcher] o.h.e.t.j.p.i.JtaPlatformInitiator       : HHH000489: No JTA platform available (set 'hibernate.transaction.jta.platform' to enable JTA platform integration)
2025-05-20T10:05:14.260-05:00  INFO 15688 --- [Sysventas] [JavaFX-Launcher] j.LocalContainerEntityManagerFactoryBean : Initialized JPA EntityManagerFactory for persistence unit 'default'
2025-05-20T10:05:14.741-05:00  INFO 15688 --- [Sysventas] [JavaFX-Launcher] o.s.d.j.r.query.QueryEnhancerFactory     : Hibernate is in classpath; If applicable, HQL parser will be used.
2025-05-20T10:05:15.586-05:00  INFO 15688 --- [Sysventas] [JavaFX-Launcher] o.s.boot.SpringApplication               : Started application in 7.104 seconds (process running for 8.468)
2025-05-20T10:05:15.997-05:00  INFO 15688 --- [Sysventas] [SpringApplicationShutdownHook] j.LocalContainerEntityManagerFactoryBean : Closing JPA EntityManagerFactory for persistence unit 'default'
2025-05-20T10:05:16.000-05:00  INFO 15688 --- [Sysventas] [SpringApplicationShutdownHook] com.zaxxer.hikari.HikariDataSource       : HikariPool-1 - Shutdown initiated...
2025-05-20T10:05:16.004-05:00  INFO 15688 --- [Sysventas] [SpringApplicationShutdownHook] com.zaxxer.hikari.HikariDataSource       : HikariPool-1 - Shutdown completed.
2025-05-20T10:06:03.391-05:00  INFO 14224 --- [Sysventas] [JavaFX-Launcher] o.s.boot.SpringApplication               : Starting application using Java 24.0.1 with PID 14224 (started by Datos in D:\SysVentas)
2025-05-20T10:06:03.393-05:00  INFO 14224 --- [Sysventas] [JavaFX-Launcher] o.s.boot.SpringApplication               : No active profile set, falling back to 1 default profile: "default"
2025-05-20T10:06:04.266-05:00  INFO 14224 --- [Sysventas] [JavaFX-Launcher] .s.d.r.c.RepositoryConfigurationDelegate : Bootstrapping Spring Data JPA repositories in DEFAULT mode.
2025-05-20T10:06:04.363-05:00  INFO 14224 --- [Sysventas] [JavaFX-Launcher] .s.d.r.c.RepositoryConfigurationDelegate : Finished Spring Data repository scanning in 89 ms. Found 18 JPA repository interfaces.
2025-05-20T10:06:04.892-05:00  INFO 14224 --- [Sysventas] [JavaFX-Launcher] o.hibernate.jpa.internal.util.LogHelper  : HHH000204: Processing PersistenceUnitInfo [name: default]
2025-05-20T10:06:04.969-05:00  INFO 14224 --- [Sysventas] [JavaFX-Launcher] org.hibernate.Version                    : HHH000412: Hibernate ORM core version 6.6.13.Final
2025-05-20T10:06:05.002-05:00  INFO 14224 --- [Sysventas] [JavaFX-Launcher] o.h.c.internal.RegionFactoryInitiator    : HHH000026: Second-level cache disabled
2025-05-20T10:06:05.341-05:00  INFO 14224 --- [Sysventas] [JavaFX-Launcher] o.s.o.j.p.SpringPersistenceUnitInfo      : No LoadTimeWeaver setup: ignoring JPA class transformer
2025-05-20T10:06:05.381-05:00  INFO 14224 --- [Sysventas] [JavaFX-Launcher] com.zaxxer.hikari.HikariDataSource       : HikariPool-1 - Starting...
2025-05-20T10:06:05.580-05:00  INFO 14224 --- [Sysventas] [JavaFX-Launcher] com.zaxxer.hikari.pool.HikariPool        : HikariPool-1 - Added connection org.sqlite.jdbc4.JDBC4Connection@2f733718
2025-05-20T10:06:05.581-05:00  INFO 14224 --- [Sysventas] [JavaFX-Launcher] com.zaxxer.hikari.HikariDataSource       : HikariPool-1 - Start completed.
2025-05-20T10:06:05.628-05:00  INFO 14224 --- [Sysventas] [JavaFX-Launcher] org.hibernate.orm.connections.pooling    : HHH10001005: Database info:
	Database JDBC URL [Connecting through datasource 'HikariDataSource (HikariPool-1)']
	Database driver: undefined/unknown
	Database version: 3.46
	Autocommit mode: undefined/unknown
	Isolation level: undefined/unknown
	Minimum pool size: undefined/unknown
	Maximum pool size: undefined/unknown
2025-05-20T10:06:06.864-05:00  INFO 14224 --- [Sysventas] [JavaFX-Launcher] o.h.e.t.j.p.i.JtaPlatformInitiator       : HHH000489: No JTA platform available (set 'hibernate.transaction.jta.platform' to enable JTA platform integration)
2025-05-20T10:06:06.906-05:00  INFO 14224 --- [Sysventas] [JavaFX-Launcher] j.LocalContainerEntityManagerFactoryBean : Initialized JPA EntityManagerFactory for persistence unit 'default'
2025-05-20T10:06:07.489-05:00  INFO 14224 --- [Sysventas] [JavaFX-Launcher] o.s.d.j.r.query.QueryEnhancerFactory     : Hibernate is in classpath; If applicable, HQL parser will be used.
2025-05-20T10:06:08.100-05:00  INFO 14224 --- [Sysventas] [JavaFX-Launcher] o.s.boot.SpringApplication               : Started application in 5.574 seconds (process running for 6.478)
2025-05-20T10:06:32.210-05:00  INFO 14224 --- [Sysventas] [SpringApplicationShutdownHook] j.LocalContainerEntityManagerFactoryBean : Closing JPA EntityManagerFactory for persistence unit 'default'
2025-05-20T10:06:32.216-05:00  INFO 14224 --- [Sysventas] [SpringApplicationShutdownHook] com.zaxxer.hikari.HikariDataSource       : HikariPool-1 - Shutdown initiated...
2025-05-20T10:06:32.222-05:00  INFO 14224 --- [Sysventas] [SpringApplicationShutdownHook] com.zaxxer.hikari.HikariDataSource       : HikariPool-1 - Shutdown completed.
2025-05-20T10:06:51.834-05:00  INFO 15292 --- [Sysventas] [JavaFX-Launcher] o.s.boot.SpringApplication               : Starting application using Java 24.0.1 with PID 15292 (started by Datos in D:\SysVentas)
2025-05-20T10:06:51.839-05:00  INFO 15292 --- [Sysventas] [JavaFX-Launcher] o.s.boot.SpringApplication               : No active profile set, falling back to 1 default profile: "default"
2025-05-20T10:06:52.606-05:00  INFO 15292 --- [Sysventas] [JavaFX-Launcher] .s.d.r.c.RepositoryConfigurationDelegate : Bootstrapping Spring Data JPA repositories in DEFAULT mode.
2025-05-20T10:06:52.710-05:00  INFO 15292 --- [Sysventas] [JavaFX-Launcher] .s.d.r.c.RepositoryConfigurationDelegate : Finished Spring Data repository scanning in 95 ms. Found 18 JPA repository interfaces.
2025-05-20T10:06:53.222-05:00  INFO 15292 --- [Sysventas] [JavaFX-Launcher] o.hibernate.jpa.internal.util.LogHelper  : HHH000204: Processing PersistenceUnitInfo [name: default]
2025-05-20T10:06:53.274-05:00  INFO 15292 --- [Sysventas] [JavaFX-Launcher] org.hibernate.Version                    : HHH000412: Hibernate ORM core version 6.6.13.Final
2025-05-20T10:06:53.305-05:00  INFO 15292 --- [Sysventas] [JavaFX-Launcher] o.h.c.internal.RegionFactoryInitiator    : HHH000026: Second-level cache disabled
2025-05-20T10:06:53.630-05:00  INFO 15292 --- [Sysventas] [JavaFX-Launcher] o.s.o.j.p.SpringPersistenceUnitInfo      : No LoadTimeWeaver setup: ignoring JPA class transformer
2025-05-20T10:06:53.682-05:00  INFO 15292 --- [Sysventas] [JavaFX-Launcher] com.zaxxer.hikari.HikariDataSource       : HikariPool-1 - Starting...
2025-05-20T10:06:53.885-05:00  INFO 15292 --- [Sysventas] [JavaFX-Launcher] com.zaxxer.hikari.pool.HikariPool        : HikariPool-1 - Added connection org.sqlite.jdbc4.JDBC4Connection@e4bd298
2025-05-20T10:06:53.887-05:00  INFO 15292 --- [Sysventas] [JavaFX-Launcher] com.zaxxer.hikari.HikariDataSource       : HikariPool-1 - Start completed.
2025-05-20T10:06:53.933-05:00  INFO 15292 --- [Sysventas] [JavaFX-Launcher] org.hibernate.orm.connections.pooling    : HHH10001005: Database info:
	Database JDBC URL [Connecting through datasource 'HikariDataSource (HikariPool-1)']
	Database driver: undefined/unknown
	Database version: 3.46
	Autocommit mode: undefined/unknown
	Isolation level: undefined/unknown
	Minimum pool size: undefined/unknown
	Maximum pool size: undefined/unknown
2025-05-20T10:06:55.183-05:00  INFO 15292 --- [Sysventas] [JavaFX-Launcher] o.h.e.t.j.p.i.JtaPlatformInitiator       : HHH000489: No JTA platform available (set 'hibernate.transaction.jta.platform' to enable JTA platform integration)
2025-05-20T10:06:55.217-05:00  INFO 15292 --- [Sysventas] [JavaFX-Launcher] j.LocalContainerEntityManagerFactoryBean : Initialized JPA EntityManagerFactory for persistence unit 'default'
2025-05-20T10:06:55.661-05:00  INFO 15292 --- [Sysventas] [JavaFX-Launcher] o.s.d.j.r.query.QueryEnhancerFactory     : Hibernate is in classpath; If applicable, HQL parser will be used.
2025-05-20T10:06:56.296-05:00  INFO 15292 --- [Sysventas] [JavaFX-Launcher] o.s.boot.SpringApplication               : Started application in 5.379 seconds (process running for 6.239)
2025-05-20T10:08:18.379-05:00  INFO 15292 --- [Sysventas] [SpringApplicationShutdownHook] j.LocalContainerEntityManagerFactoryBean : Closing JPA EntityManagerFactory for persistence unit 'default'
2025-05-20T10:08:18.381-05:00  INFO 15292 --- [Sysventas] [SpringApplicationShutdownHook] com.zaxxer.hikari.HikariDataSource       : HikariPool-1 - Shutdown initiated...
2025-05-20T10:08:18.385-05:00  INFO 15292 --- [Sysventas] [SpringApplicationShutdownHook] com.zaxxer.hikari.HikariDataSource       : HikariPool-1 - Shutdown completed.
2025-05-20T10:09:50.393-05:00  INFO 9100 --- [Sysventas] [JavaFX-Launcher] o.s.boot.SpringApplication               : Starting application using Java 24.0.1 with PID 9100 (started by Datos in D:\SysVentas)
2025-05-20T10:09:50.396-05:00  INFO 9100 --- [Sysventas] [JavaFX-Launcher] o.s.boot.SpringApplication               : No active profile set, falling back to 1 default profile: "default"
2025-05-20T10:09:51.154-05:00  INFO 9100 --- [Sysventas] [JavaFX-Launcher] .s.d.r.c.RepositoryConfigurationDelegate : Bootstrapping Spring Data JPA repositories in DEFAULT mode.
2025-05-20T10:09:51.275-05:00  INFO 9100 --- [Sysventas] [JavaFX-Launcher] .s.d.r.c.RepositoryConfigurationDelegate : Finished Spring Data repository scanning in 109 ms. Found 18 JPA repository interfaces.
2025-05-20T10:09:51.786-05:00  INFO 9100 --- [Sysventas] [JavaFX-Launcher] o.hibernate.jpa.internal.util.LogHelper  : HHH000204: Processing PersistenceUnitInfo [name: default]
2025-05-20T10:09:51.864-05:00  INFO 9100 --- [Sysventas] [JavaFX-Launcher] org.hibernate.Version                    : HHH000412: Hibernate ORM core version 6.6.13.Final
2025-05-20T10:09:51.897-05:00  INFO 9100 --- [Sysventas] [JavaFX-Launcher] o.h.c.internal.RegionFactoryInitiator    : HHH000026: Second-level cache disabled
2025-05-20T10:09:52.272-05:00  INFO 9100 --- [Sysventas] [JavaFX-Launcher] o.s.o.j.p.SpringPersistenceUnitInfo      : No LoadTimeWeaver setup: ignoring JPA class transformer
2025-05-20T10:09:52.325-05:00  INFO 9100 --- [Sysventas] [JavaFX-Launcher] com.zaxxer.hikari.HikariDataSource       : HikariPool-1 - Starting...
2025-05-20T10:09:52.539-05:00  INFO 9100 --- [Sysventas] [JavaFX-Launcher] com.zaxxer.hikari.pool.HikariPool        : HikariPool-1 - Added connection org.sqlite.jdbc4.JDBC4Connection@2b68fbd2
2025-05-20T10:09:52.541-05:00  INFO 9100 --- [Sysventas] [JavaFX-Launcher] com.zaxxer.hikari.HikariDataSource       : HikariPool-1 - Start completed.
2025-05-20T10:09:52.592-05:00  INFO 9100 --- [Sysventas] [JavaFX-Launcher] org.hibernate.orm.connections.pooling    : HHH10001005: Database info:
	Database JDBC URL [Connecting through datasource 'HikariDataSource (HikariPool-1)']
	Database driver: undefined/unknown
	Database version: 3.46
	Autocommit mode: undefined/unknown
	Isolation level: undefined/unknown
	Minimum pool size: undefined/unknown
	Maximum pool size: undefined/unknown
2025-05-20T10:09:53.941-05:00  INFO 9100 --- [Sysventas] [JavaFX-Launcher] o.h.e.t.j.p.i.JtaPlatformInitiator       : HHH000489: No JTA platform available (set 'hibernate.transaction.jta.platform' to enable JTA platform integration)
2025-05-20T10:09:53.979-05:00  INFO 9100 --- [Sysventas] [JavaFX-Launcher] j.LocalContainerEntityManagerFactoryBean : Initialized JPA EntityManagerFactory for persistence unit 'default'
2025-05-20T10:09:54.467-05:00  INFO 9100 --- [Sysventas] [JavaFX-Launcher] o.s.d.j.r.query.QueryEnhancerFactory     : Hibernate is in classpath; If applicable, HQL parser will be used.
2025-05-20T10:09:54.927-05:00  INFO 9100 --- [Sysventas] [JavaFX-Launcher] o.s.boot.SpringApplication               : Started application in 5.39 seconds (process running for 6.242)
2025-05-20T10:10:07.790-05:00  INFO 9100 --- [Sysventas] [SpringApplicationShutdownHook] j.LocalContainerEntityManagerFactoryBean : Closing JPA EntityManagerFactory for persistence unit 'default'
2025-05-20T10:10:07.793-05:00  INFO 9100 --- [Sysventas] [SpringApplicationShutdownHook] com.zaxxer.hikari.HikariDataSource       : HikariPool-1 - Shutdown initiated...
2025-05-20T10:10:07.796-05:00  INFO 9100 --- [Sysventas] [SpringApplicationShutdownHook] com.zaxxer.hikari.HikariDataSource       : HikariPool-1 - Shutdown completed.
2025-05-20T10:44:18.729-05:00  INFO 4336 --- [Sysventas] [JavaFX-Launcher] o.s.boot.SpringApplication               : Starting application using Java 17.0.12 with PID 4336 (started by Datos in D:\SysVentas)
2025-05-20T10:44:18.736-05:00  INFO 4336 --- [Sysventas] [JavaFX-Launcher] o.s.boot.SpringApplication               : No active profile set, falling back to 1 default profile: "default"
2025-05-20T10:44:19.699-05:00  INFO 4336 --- [Sysventas] [JavaFX-Launcher] .s.d.r.c.RepositoryConfigurationDelegate : Bootstrapping Spring Data JPA repositories in DEFAULT mode.
2025-05-20T10:44:19.819-05:00  INFO 4336 --- [Sysventas] [JavaFX-Launcher] .s.d.r.c.RepositoryConfigurationDelegate : Finished Spring Data repository scanning in 109 ms. Found 18 JPA repository interfaces.
2025-05-20T10:44:20.503-05:00  INFO 4336 --- [Sysventas] [JavaFX-Launcher] o.hibernate.jpa.internal.util.LogHelper  : HHH000204: Processing PersistenceUnitInfo [name: default]
2025-05-20T10:44:20.582-05:00  INFO 4336 --- [Sysventas] [JavaFX-Launcher] org.hibernate.Version                    : HHH000412: Hibernate ORM core version 6.6.13.Final
2025-05-20T10:44:20.634-05:00  INFO 4336 --- [Sysventas] [JavaFX-Launcher] o.h.c.internal.RegionFactoryInitiator    : HHH000026: Second-level cache disabled
2025-05-20T10:44:20.983-05:00  INFO 4336 --- [Sysventas] [JavaFX-Launcher] o.s.o.j.p.SpringPersistenceUnitInfo      : No LoadTimeWeaver setup: ignoring JPA class transformer
2025-05-20T10:44:21.057-05:00  INFO 4336 --- [Sysventas] [JavaFX-Launcher] com.zaxxer.hikari.HikariDataSource       : HikariPool-1 - Starting...
2025-05-20T10:44:21.198-05:00  INFO 4336 --- [Sysventas] [JavaFX-Launcher] com.zaxxer.hikari.pool.HikariPool        : HikariPool-1 - Added connection org.sqlite.jdbc4.JDBC4Connection@5f1901bb
2025-05-20T10:44:21.202-05:00  INFO 4336 --- [Sysventas] [JavaFX-Launcher] com.zaxxer.hikari.HikariDataSource       : HikariPool-1 - Start completed.
2025-05-20T10:44:21.292-05:00  INFO 4336 --- [Sysventas] [JavaFX-Launcher] org.hibernate.orm.connections.pooling    : HHH10001005: Database info:
	Database JDBC URL [Connecting through datasource 'HikariDataSource (HikariPool-1)']
	Database driver: undefined/unknown
	Database version: 3.46
	Autocommit mode: undefined/unknown
	Isolation level: undefined/unknown
	Minimum pool size: undefined/unknown
	Maximum pool size: undefined/unknown
2025-05-20T10:44:23.014-05:00  INFO 4336 --- [Sysventas] [JavaFX-Launcher] o.h.e.t.j.p.i.JtaPlatformInitiator       : HHH000489: No JTA platform available (set 'hibernate.transaction.jta.platform' to enable JTA platform integration)
2025-05-20T10:44:23.060-05:00  INFO 4336 --- [Sysventas] [JavaFX-Launcher] j.LocalContainerEntityManagerFactoryBean : Initialized JPA EntityManagerFactory for persistence unit 'default'
2025-05-20T10:44:23.666-05:00  INFO 4336 --- [Sysventas] [JavaFX-Launcher] o.s.d.j.r.query.QueryEnhancerFactory     : Hibernate is in classpath; If applicable, HQL parser will be used.
2025-05-20T10:44:24.182-05:00  INFO 4336 --- [Sysventas] [JavaFX-Launcher] o.s.boot.SpringApplication               : Started application in 6.556 seconds (process running for 7.988)
2025-05-20T10:44:31.649-05:00  INFO 4336 --- [Sysventas] [SpringApplicationShutdownHook] j.LocalContainerEntityManagerFactoryBean : Closing JPA EntityManagerFactory for persistence unit 'default'
2025-05-20T10:44:31.656-05:00  INFO 4336 --- [Sysventas] [SpringApplicationShutdownHook] com.zaxxer.hikari.HikariDataSource       : HikariPool-1 - Shutdown initiated...
2025-05-20T10:44:31.661-05:00  INFO 4336 --- [Sysventas] [SpringApplicationShutdownHook] com.zaxxer.hikari.HikariDataSource       : HikariPool-1 - Shutdown completed.
